<?xml version="1.0" encoding="UTF-8"?>
<robot generator="Robot 6.1.1 (Python 3.11.5 on win32)" generated="20231203 20:58:37.365" rpa="false" schemaversion="4">
<suite id="s1" name="Entry Ad" source="c:\Users\neval\Haaga-Helia\Ohjelmistojen_teknologioita\Seminaarityö\robot_tests\entry_ad.robot">
<test id="s1-t1" name="First page load should display ad, after reloading page, ad should not display Test Case" line="15">
<kw name="Open Browser" library="SeleniumLibrary">
<arg>${URL}</arg>
<arg>${Browser}</arg>
<doc>Opens a new browser instance to the optional ``url``.</doc>
<msg timestamp="20231203 20:58:37.551" level="INFO">Opening browser 'chrome' to base url 'https://the-internet.herokuapp.com/entry_ad'.</msg>
<status status="PASS" starttime="20231203 20:58:37.551" endtime="20231203 20:58:40.613"/>
</kw>
<kw name="Sleep" library="BuiltIn">
<arg>${Sleep}</arg>
<doc>Pauses the test executed for the given time.</doc>
<msg timestamp="20231203 20:58:45.614" level="INFO">Slept 5 seconds</msg>
<status status="PASS" starttime="20231203 20:58:40.613" endtime="20231203 20:58:45.614"/>
</kw>
<kw name="Get Element Attribute" library="SeleniumLibrary">
<var>${display_style}</var>
<arg>//*[@id="modal"]</arg>
<arg>style</arg>
<doc>Returns the value of ``attribute`` from the element ``locator``.</doc>
<msg timestamp="20231203 20:58:45.631" level="INFO">${display_style} = display: block;</msg>
<status status="PASS" starttime="20231203 20:58:45.614" endtime="20231203 20:58:45.631"/>
</kw>
<kw name="Should Be Equal" library="BuiltIn">
<arg>display: block;</arg>
<arg>${display_style}</arg>
<doc>Fails if the given objects are unequal.</doc>
<status status="PASS" starttime="20231203 20:58:45.631" endtime="20231203 20:58:45.631"/>
</kw>
<kw name="Click Element" library="SeleniumLibrary">
<arg>//*[@id="modal"]/div[2]/div[3]/p</arg>
<doc>Click the element identified by ``locator``.</doc>
<msg timestamp="20231203 20:58:45.631" level="INFO">Clicking element '//*[@id="modal"]/div[2]/div[3]/p'.</msg>
<status status="PASS" starttime="20231203 20:58:45.631" endtime="20231203 20:58:45.670"/>
</kw>
<kw name="Sleep" library="BuiltIn">
<arg>${Sleep}</arg>
<doc>Pauses the test executed for the given time.</doc>
<msg timestamp="20231203 20:58:50.671" level="INFO">Slept 5 seconds</msg>
<status status="PASS" starttime="20231203 20:58:45.670" endtime="20231203 20:58:50.671"/>
</kw>
<kw name="Get Element Attribute" library="SeleniumLibrary">
<var>${display_style}</var>
<arg>//*[@id="modal"]</arg>
<arg>style</arg>
<doc>Returns the value of ``attribute`` from the element ``locator``.</doc>
<msg timestamp="20231203 20:58:50.680" level="INFO">${display_style} = display: none;</msg>
<status status="PASS" starttime="20231203 20:58:50.671" endtime="20231203 20:58:50.680"/>
</kw>
<kw name="Should Be Equal" library="BuiltIn">
<arg>display: none;</arg>
<arg>${display_style}</arg>
<doc>Fails if the given objects are unequal.</doc>
<status status="PASS" starttime="20231203 20:58:50.680" endtime="20231203 20:58:50.680"/>
</kw>
<kw name="Reload Page" library="SeleniumLibrary">
<doc>Simulates user reloading page.</doc>
<status status="PASS" starttime="20231203 20:58:50.680" endtime="20231203 20:58:50.850"/>
</kw>
<kw name="Get Element Attribute" library="SeleniumLibrary">
<var>${display_style}</var>
<arg>//*[@id="modal"]</arg>
<arg>style</arg>
<doc>Returns the value of ``attribute`` from the element ``locator``.</doc>
<msg timestamp="20231203 20:58:50.851" level="INFO">${display_style} = display: none;</msg>
<status status="PASS" starttime="20231203 20:58:50.851" endtime="20231203 20:58:50.851"/>
</kw>
<kw name="Should Be Equal" library="BuiltIn">
<arg>display: none;</arg>
<arg>${display_style}</arg>
<doc>Fails if the given objects are unequal.</doc>
<status status="PASS" starttime="20231203 20:58:50.851" endtime="20231203 20:58:50.851"/>
</kw>
<status status="PASS" starttime="20231203 20:58:37.551" endtime="20231203 20:58:50.863"/>
</test>
<status status="PASS" starttime="20231203 20:58:37.365" endtime="20231203 20:58:50.864"/>
</suite>
<statistics>
<total>
<stat pass="1" fail="0" skip="0">All Tests</stat>
</total>
<tag>
</tag>
<suite>
<stat pass="1" fail="0" skip="0" id="s1" name="Entry Ad">Entry Ad</stat>
</suite>
</statistics>
<errors>
</errors>
</robot>
